<?xml version="1.0" encoding="UTF-8"?>
<testsuite xmlns:xsi="http://www.w3.org/2001/XMLSchema-instance" xsi:noNamespaceSchemaLocation="https://maven.apache.org/surefire/maven-surefire-plugin/xsd/surefire-test-report-3.0.xsd" version="3.0" name="com.pulsewatch.gateway.ApiGatewayApplicationTests" time="9.599" tests="1" errors="0" skipped="0" failures="0">
  <properties>
[...]
</properties>
  <testcase name="contextLoads" classname="com.pulsewatch.gateway.ApiGatewayApplicationTests" time="1.497">
    <system-out><![CDATA[09:26:36.836 [main] INFO org.springframework.test.context.support.AnnotationConfigContextLoaderUtils -- Could not detect default configuration classes for test class [com.pulsewatch.gateway.ApiGatewayApplicationTests]: ApiGatewayApplicationTests does not declare any static, non-private, non-final, nested classes annotated with @Configuration.
09:26:37.133 [main] INFO org.springframework.boot.test.context.SpringBootTestContextBootstrapper -- Found @SpringBootConfiguration com.pulsewatch.gateway.ApiGatewayApplication for test class com.pulsewatch.gateway.ApiGatewayApplicationTests
09:26:37.472 [main] INFO org.springframework.boot.devtools.restart.RestartApplicationListener -- Restart disabled due to context in which it is running

  .   ____          _            __ _ _
 /\\ / ___'_ __ _ _(_)_ __  __ _ \ \ \ \
( ( )\___ | '_ | '_| | '_ \/ _` | \ \ \ \
 \\/  ___)| |_)| | | | | || (_| |  ) ) ) )
  '  |____| .__|_| |_|_| |_\__, | / / / /
 =========|_|==============|___/=/_/_/_/
 :: Spring Boot ::                (v3.2.0)

2025-07-07 09:26:38 - Starting ApiGatewayApplicationTests using Java 17 with PID 20100 (started by Admin in D:\Revino Solutions Pvt Ltd\Pulsewatch_2.0\backend\api-gateway-service)
2025-07-07 09:26:38 - Running with Spring Boot v3.2.0, Spring v6.1.1
2025-07-07 09:26:38 - No active profile set, falling back to 1 default profile: "default"
2025-07-07 09:26:40 - BeanFactory id=4f00e602-e4aa-3d33-8216-362144f308c8
2025-07-07 09:26:42 - Routes supplied from Gateway Properties: [RouteDefinition{id='user-service', predicates=[PredicateDefinition{name='Path', args={_genkey_0=/auth/**, _genkey_1=/users/**}}], filters=[FilterDefinition{name='StripPrefix', args={_genkey_0=0}}, FilterDefinition{name='AddRequestHeader', args={_genkey_0=X-Gateway-Service, _genkey_1=user-service}}], uri=http://localhost:8081, order=0, metadata={}}, RouteDefinition{id='monitoring-service', predicates=[PredicateDefinition{name='Path', args={_genkey_0=/metrics/**}}], filters=[FilterDefinition{name='StripPrefix', args={_genkey_0=0}}, FilterDefinition{name='AddRequestHeader', args={_genkey_0=X-Gateway-Service, _genkey_1=monitoring-service}}], uri=http://localhost:8082, order=0, metadata={}}, RouteDefinition{id='uptime-service', predicates=[PredicateDefinition{name='Path', args={_genkey_0=/uptime/**}}], filters=[FilterDefinition{name='StripPrefix', args={_genkey_0=0}}, FilterDefinition{name='AddRequestHeader', args={_genkey_0=X-Gateway-Service, _genkey_1=uptime-service}}], uri=http://localhost:8083, order=0, metadata={}}, RouteDefinition{id='alerting-service', predicates=[PredicateDefinition{name='Path', args={_genkey_0=/alerts/**}}], filters=[FilterDefinition{name='StripPrefix', args={_genkey_0=0}}, FilterDefinition{name='AddRequestHeader', args={_genkey_0=X-Gateway-Service, _genkey_1=alerting-service}}], uri=http://localhost:8084, order=0, metadata={}}]
2025-07-07 09:26:43 - Loaded RoutePredicateFactory [After]
2025-07-07 09:26:43 - Loaded RoutePredicateFactory [Before]
2025-07-07 09:26:43 - Loaded RoutePredicateFactory [Between]
2025-07-07 09:26:43 - Loaded RoutePredicateFactory [Cookie]
2025-07-07 09:26:43 - Loaded RoutePredicateFactory [Header]
2025-07-07 09:26:43 - Loaded RoutePredicateFactory [Host]
2025-07-07 09:26:43 - Loaded RoutePredicateFactory [Method]
2025-07-07 09:26:43 - Loaded RoutePredicateFactory [Path]
2025-07-07 09:26:43 - Loaded RoutePredicateFactory [Query]
2025-07-07 09:26:43 - Loaded RoutePredicateFactory [ReadBody]
2025-07-07 09:26:43 - Loaded RoutePredicateFactory [RemoteAddr]
2025-07-07 09:26:43 - Loaded RoutePredicateFactory [XForwardedRemoteAddr]
2025-07-07 09:26:43 - Loaded RoutePredicateFactory [Weight]
2025-07-07 09:26:43 - Loaded RoutePredicateFactory [CloudFoundryRouteService]
2025-07-07 09:26:43 - Exposing 3 endpoint(s) beneath base path '/actuator'
2025-07-07 09:26:44 - RouteDefinition user-service applying {_genkey_0=/auth/**, _genkey_1=/users/**} to Path
2025-07-07 09:26:44 - RouteDefinition user-service applying filter {_genkey_0=X-Gateway-Timestamp, _genkey_1="#{T(java.time.Instant).now()}"} to AddRequestHeader
2025-07-07 09:26:44 - RouteDefinition user-service applying filter {_genkey_0=X-Gateway-ID, _genkey_1="#{T(java.util.UUID).randomUUID()}"} to AddRequestHeader
2025-07-07 09:26:44 - RouteDefinition user-service applying filter {_genkey_0=0} to StripPrefix
2025-07-07 09:26:44 - RouteDefinition user-service applying filter {_genkey_0=X-Gateway-Service, _genkey_1=user-service} to AddRequestHeader
2025-07-07 09:26:44 - RouteDefinition matched: user-service
2025-07-07 09:26:44 - RouteDefinition monitoring-service applying {_genkey_0=/metrics/**} to Path
2025-07-07 09:26:44 - RouteDefinition monitoring-service applying filter {_genkey_0=X-Gateway-Timestamp, _genkey_1="#{T(java.time.Instant).now()}"} to AddRequestHeader
2025-07-07 09:26:44 - RouteDefinition monitoring-service applying filter {_genkey_0=X-Gateway-ID, _genkey_1="#{T(java.util.UUID).randomUUID()}"} to AddRequestHeader
2025-07-07 09:26:44 - RouteDefinition monitoring-service applying filter {_genkey_0=0} to StripPrefix
2025-07-07 09:26:44 - RouteDefinition monitoring-service applying filter {_genkey_0=X-Gateway-Service, _genkey_1=monitoring-service} to AddRequestHeader
2025-07-07 09:26:44 - RouteDefinition matched: monitoring-service
2025-07-07 09:26:44 - RouteDefinition uptime-service applying {_genkey_0=/uptime/**} to Path
2025-07-07 09:26:44 - RouteDefinition uptime-service applying filter {_genkey_0=X-Gateway-Timestamp, _genkey_1="#{T(java.time.Instant).now()}"} to AddRequestHeader
2025-07-07 09:26:44 - RouteDefinition uptime-service applying filter {_genkey_0=X-Gateway-ID, _genkey_1="#{T(java.util.UUID).randomUUID()}"} to AddRequestHeader
2025-07-07 09:26:44 - RouteDefinition uptime-service applying filter {_genkey_0=0} to StripPrefix
2025-07-07 09:26:44 - RouteDefinition uptime-service applying filter {_genkey_0=X-Gateway-Service, _genkey_1=uptime-service} to AddRequestHeader
2025-07-07 09:26:44 - RouteDefinition matched: uptime-service
2025-07-07 09:26:44 - RouteDefinition alerting-service applying {_genkey_0=/alerts/**} to Path
2025-07-07 09:26:44 - RouteDefinition alerting-service applying filter {_genkey_0=X-Gateway-Timestamp, _genkey_1="#{T(java.time.Instant).now()}"} to AddRequestHeader
2025-07-07 09:26:44 - RouteDefinition alerting-service applying filter {_genkey_0=X-Gateway-ID, _genkey_1="#{T(java.util.UUID).randomUUID()}"} to AddRequestHeader
2025-07-07 09:26:44 - RouteDefinition alerting-service applying filter {_genkey_0=0} to StripPrefix
2025-07-07 09:26:44 - RouteDefinition alerting-service applying filter {_genkey_0=X-Gateway-Service, _genkey_1=alerting-service} to AddRequestHeader
2025-07-07 09:26:44 - RouteDefinition matched: alerting-service
2025-07-07 09:26:44 - New routes count: 4
2025-07-07 09:26:44 - Started ApiGatewayApplicationTests in 7.101 seconds (process running for 9.24)
]]></system-out>
  </testcase>
</testsuite>