<?xml version="1.0" encoding="UTF-8"?>
<testsuite xmlns:xsi="http://www.w3.org/2001/XMLSchema-instance" xsi:noNamespaceSchemaLocation="https://maven.apache.org/surefire/maven-surefire-plugin/xsd/surefire-test-report-3.0.xsd" version="3.0" name="com.pulsewatch.gateway.ApiGatewayApplicationTests" time="8.567" tests="1" errors="0" skipped="0" failures="0">
  <properties>
[...]
</properties>
  <testcase name="contextLoads" classname="com.pulsewatch.gateway.ApiGatewayApplicationTests" time="0.959">
    <system-out><![CDATA[14:50:47.147 [main] INFO org.springframework.test.context.support.AnnotationConfigContextLoaderUtils -- Could not detect default configuration classes for test class [com.pulsewatch.gateway.ApiGatewayApplicationTests]: ApiGatewayApplicationTests does not declare any static, non-private, non-final, nested classes annotated with @Configuration.
14:50:47.319 [main] INFO org.springframework.boot.test.context.SpringBootTestContextBootstrapper -- Found @SpringBootConfiguration com.pulsewatch.gateway.ApiGatewayApplication for test class com.pulsewatch.gateway.ApiGatewayApplicationTests
14:50:47.684 [main] INFO org.springframework.boot.devtools.restart.RestartApplicationListener -- Restart disabled due to context in which it is running

  .   ____          _            __ _ _
 /\\ / ___'_ __ _ _(_)_ __  __ _ \ \ \ \
( ( )\___ | '_ | '_| | '_ \/ _` | \ \ \ \
 \\/  ___)| |_)| | | | | || (_| |  ) ) ) )
  '  |____| .__|_| |_|_| |_\__, | / / / /
 =========|_|==============|___/=/_/_/_/
 :: Spring Boot ::                (v3.1.8)

2025-07-07 14:50:48 - Starting ApiGatewayApplicationTests using Java 17 with PID 11488 (started by Admin in D:\Revino Solutions Pvt Ltd\Pulsewatch_2.0\backend\api-gateway-service)
2025-07-07 14:50:48 - Running with Spring Boot v3.1.8, Spring v6.0.16
2025-07-07 14:50:48 - No active profile set, falling back to 1 default profile: "default"
2025-07-07 14:50:50 - BeanFactory id=623c167d-ba2d-328a-bf9d-292e48e8f0e9
2025-07-07 14:50:50 - Bean 'org.springframework.cloud.client.loadbalancer.reactive.LoadBalancerBeanPostProcessorAutoConfiguration' of type [org.springframework.cloud.client.loadbalancer.reactive.LoadBalancerBeanPostProcessorAutoConfiguration] is not eligible for getting processed by all BeanPostProcessors (for example: not eligible for auto-proxying)
2025-07-07 14:50:50 - Bean 'org.springframework.cloud.client.loadbalancer.reactive.LoadBalancerBeanPostProcessorAutoConfiguration$ReactorDeferringLoadBalancerFilterConfig' of type [org.springframework.cloud.client.loadbalancer.reactive.LoadBalancerBeanPostProcessorAutoConfiguration$ReactorDeferringLoadBalancerFilterConfig] is not eligible for getting processed by all BeanPostProcessors (for example: not eligible for auto-proxying)
2025-07-07 14:50:50 - Bean 'reactorDeferringLoadBalancerExchangeFilterFunction' of type [org.springframework.cloud.client.loadbalancer.reactive.DeferringLoadBalancerExchangeFilterFunction] is not eligible for getting processed by all BeanPostProcessors (for example: not eligible for auto-proxying)
2025-07-07 14:50:52 - Routes supplied from Gateway Properties: [RouteDefinition{id='user-service', predicates=[PredicateDefinition{name='Path', args={_genkey_0=/auth/**, _genkey_1=/users/**}}], filters=[FilterDefinition{name='StripPrefix', args={_genkey_0=0}}, FilterDefinition{name='AddRequestHeader', args={_genkey_0=X-Gateway-Service, _genkey_1=user-service}}], uri=http://localhost:8081, order=0, metadata={}}, RouteDefinition{id='monitoring-service', predicates=[PredicateDefinition{name='Path', args={_genkey_0=/metrics/**}}], filters=[FilterDefinition{name='StripPrefix', args={_genkey_0=0}}, FilterDefinition{name='AddRequestHeader', args={_genkey_0=X-Gateway-Service, _genkey_1=monitoring-service}}], uri=http://localhost:8082, order=0, metadata={}}, RouteDefinition{id='uptime-service', predicates=[PredicateDefinition{name='Path', args={_genkey_0=/uptime/**}}], filters=[FilterDefinition{name='StripPrefix', args={_genkey_0=0}}, FilterDefinition{name='AddRequestHeader', args={_genkey_0=X-Gateway-Service, _genkey_1=uptime-service}}], uri=http://localhost:8083, order=0, metadata={}}, RouteDefinition{id='alerting-service', predicates=[PredicateDefinition{name='Path', args={_genkey_0=/alerts/**}}], filters=[FilterDefinition{name='StripPrefix', args={_genkey_0=0}}, FilterDefinition{name='AddRequestHeader', args={_genkey_0=X-Gateway-Service, _genkey_1=alerting-service}}], uri=http://localhost:8084, order=0, metadata={}}]
2025-07-07 14:50:52 - Loaded RoutePredicateFactory [After]
2025-07-07 14:50:52 - Loaded RoutePredicateFactory [Before]
2025-07-07 14:50:52 - Loaded RoutePredicateFactory [Between]
2025-07-07 14:50:52 - Loaded RoutePredicateFactory [Cookie]
2025-07-07 14:50:52 - Loaded RoutePredicateFactory [Header]
2025-07-07 14:50:52 - Loaded RoutePredicateFactory [Host]
2025-07-07 14:50:52 - Loaded RoutePredicateFactory [Method]
2025-07-07 14:50:52 - Loaded RoutePredicateFactory [Path]
2025-07-07 14:50:52 - Loaded RoutePredicateFactory [Query]
2025-07-07 14:50:52 - Loaded RoutePredicateFactory [ReadBody]
2025-07-07 14:50:52 - Loaded RoutePredicateFactory [RemoteAddr]
2025-07-07 14:50:52 - Loaded RoutePredicateFactory [XForwardedRemoteAddr]
2025-07-07 14:50:52 - Loaded RoutePredicateFactory [Weight]
2025-07-07 14:50:52 - Loaded RoutePredicateFactory [CloudFoundryRouteService]
2025-07-07 14:50:52 - Exposing 3 endpoint(s) beneath base path '/actuator'
2025-07-07 14:50:53 - Eureka HTTP Client uses RestTemplate.
2025-07-07 14:50:53 - Spring Cloud LoadBalancer is currently working with the default cache. While this cache implementation is useful for development and tests, it's recommended to use Caffeine cache in production.You can switch to using Caffeine cache, by adding it and org.springframework.cache.caffeine.CaffeineCacheManager to the classpath.
2025-07-07 14:50:53 - Setting initial instance status as: STARTING
2025-07-07 14:50:53 - Initializing Eureka in region us-east-1
2025-07-07 14:50:53 - Resolving eureka endpoints via configuration
2025-07-07 14:50:53 - Disable delta property : false
2025-07-07 14:50:53 - Single vip registry refresh property : null
2025-07-07 14:50:53 - Force full registry fetch : false
2025-07-07 14:50:53 - Application is null : false
2025-07-07 14:50:53 - Registered Applications size is zero : true
2025-07-07 14:50:53 - Application version is -1: true
2025-07-07 14:50:53 - Getting all instance registry info from the eureka server
2025-07-07 14:50:54 - The response status is 200
2025-07-07 14:50:54 - Starting heartbeat executor: renew interval is: 30
2025-07-07 14:50:54 - InstanceInfoReplicator onDemand update allowed rate per min is 4
2025-07-07 14:50:54 - Discovery Client initialized at timestamp 1751880054236 with initial instances count: 1
2025-07-07 14:50:54 - Registering application API-GATEWAY-SERVICE with eureka with status UP
2025-07-07 14:50:54 - Saw local status change event StatusChangeEvent [timestamp=1751880054239, current=UP, previous=STARTING]
2025-07-07 14:50:54 - DiscoveryClient_API-GATEWAY-SERVICE/DESKTOP-OCJUI3G:api-gateway-service:8080: registering service...
2025-07-07 14:50:54 - RouteDefinition user-service applying {_genkey_0=/auth/**, _genkey_1=/users/**} to Path
2025-07-07 14:50:54 - RouteDefinition user-service applying filter {_genkey_0=X-Gateway-Timestamp, _genkey_1="#{T(java.time.Instant).now()}"} to AddRequestHeader
2025-07-07 14:50:54 - DiscoveryClient_API-GATEWAY-SERVICE/DESKTOP-OCJUI3G:api-gateway-service:8080 - registration status: 204
2025-07-07 14:50:54 - RouteDefinition user-service applying filter {_genkey_0=X-Gateway-ID, _genkey_1="#{T(java.util.UUID).randomUUID()}"} to AddRequestHeader
2025-07-07 14:50:54 - RouteDefinition user-service applying filter {_genkey_0=0} to StripPrefix
2025-07-07 14:50:54 - RouteDefinition user-service applying filter {_genkey_0=X-Gateway-Service, _genkey_1=user-service} to AddRequestHeader
2025-07-07 14:50:54 - RouteDefinition matched: user-service
2025-07-07 14:50:54 - RouteDefinition monitoring-service applying {_genkey_0=/metrics/**} to Path
2025-07-07 14:50:54 - RouteDefinition monitoring-service applying filter {_genkey_0=X-Gateway-Timestamp, _genkey_1="#{T(java.time.Instant).now()}"} to AddRequestHeader
2025-07-07 14:50:54 - RouteDefinition monitoring-service applying filter {_genkey_0=X-Gateway-ID, _genkey_1="#{T(java.util.UUID).randomUUID()}"} to AddRequestHeader
2025-07-07 14:50:54 - RouteDefinition monitoring-service applying filter {_genkey_0=0} to StripPrefix
2025-07-07 14:50:54 - RouteDefinition monitoring-service applying filter {_genkey_0=X-Gateway-Service, _genkey_1=monitoring-service} to AddRequestHeader
2025-07-07 14:50:54 - RouteDefinition matched: monitoring-service
2025-07-07 14:50:54 - RouteDefinition uptime-service applying {_genkey_0=/uptime/**} to Path
2025-07-07 14:50:54 - RouteDefinition uptime-service applying filter {_genkey_0=X-Gateway-Timestamp, _genkey_1="#{T(java.time.Instant).now()}"} to AddRequestHeader
2025-07-07 14:50:54 - RouteDefinition uptime-service applying filter {_genkey_0=X-Gateway-ID, _genkey_1="#{T(java.util.UUID).randomUUID()}"} to AddRequestHeader
2025-07-07 14:50:54 - RouteDefinition uptime-service applying filter {_genkey_0=0} to StripPrefix
2025-07-07 14:50:54 - RouteDefinition uptime-service applying filter {_genkey_0=X-Gateway-Service, _genkey_1=uptime-service} to AddRequestHeader
2025-07-07 14:50:54 - RouteDefinition matched: uptime-service
2025-07-07 14:50:54 - RouteDefinition alerting-service applying {_genkey_0=/alerts/**} to Path
2025-07-07 14:50:54 - RouteDefinition alerting-service applying filter {_genkey_0=X-Gateway-Timestamp, _genkey_1="#{T(java.time.Instant).now()}"} to AddRequestHeader
2025-07-07 14:50:54 - RouteDefinition alerting-service applying filter {_genkey_0=X-Gateway-ID, _genkey_1="#{T(java.util.UUID).randomUUID()}"} to AddRequestHeader
2025-07-07 14:50:54 - RouteDefinition alerting-service applying filter {_genkey_0=0} to StripPrefix
2025-07-07 14:50:54 - RouteDefinition alerting-service applying filter {_genkey_0=X-Gateway-Service, _genkey_1=alerting-service} to AddRequestHeader
2025-07-07 14:50:54 - RouteDefinition matched: alerting-service
2025-07-07 14:50:54 - New routes count: 4
2025-07-07 14:50:54 - RouteDefinition user-service applying {_genkey_0=/auth/**, _genkey_1=/users/**} to Path
2025-07-07 14:50:54 - RouteDefinition user-service applying filter {_genkey_0=X-Gateway-Timestamp, _genkey_1="#{T(java.time.Instant).now()}"} to AddRequestHeader
2025-07-07 14:50:54 - RouteDefinition user-service applying filter {_genkey_0=X-Gateway-ID, _genkey_1="#{T(java.util.UUID).randomUUID()}"} to AddRequestHeader
2025-07-07 14:50:54 - RouteDefinition user-service applying filter {_genkey_0=0} to StripPrefix
2025-07-07 14:50:54 - RouteDefinition user-service applying filter {_genkey_0=X-Gateway-Service, _genkey_1=user-service} to AddRequestHeader
2025-07-07 14:50:54 - RouteDefinition matched: user-service
2025-07-07 14:50:54 - RouteDefinition monitoring-service applying {_genkey_0=/metrics/**} to Path
2025-07-07 14:50:54 - RouteDefinition monitoring-service applying filter {_genkey_0=X-Gateway-Timestamp, _genkey_1="#{T(java.time.Instant).now()}"} to AddRequestHeader
2025-07-07 14:50:54 - RouteDefinition monitoring-service applying filter {_genkey_0=X-Gateway-ID, _genkey_1="#{T(java.util.UUID).randomUUID()}"} to AddRequestHeader
2025-07-07 14:50:54 - RouteDefinition monitoring-service applying filter {_genkey_0=0} to StripPrefix
2025-07-07 14:50:54 - RouteDefinition monitoring-service applying filter {_genkey_0=X-Gateway-Service, _genkey_1=monitoring-service} to AddRequestHeader
2025-07-07 14:50:54 - RouteDefinition matched: monitoring-service
2025-07-07 14:50:54 - RouteDefinition uptime-service applying {_genkey_0=/uptime/**} to Path
2025-07-07 14:50:54 - RouteDefinition uptime-service applying filter {_genkey_0=X-Gateway-Timestamp, _genkey_1="#{T(java.time.Instant).now()}"} to AddRequestHeader
2025-07-07 14:50:54 - RouteDefinition uptime-service applying filter {_genkey_0=X-Gateway-ID, _genkey_1="#{T(java.util.UUID).randomUUID()}"} to AddRequestHeader
2025-07-07 14:50:54 - RouteDefinition uptime-service applying filter {_genkey_0=0} to StripPrefix
2025-07-07 14:50:54 - RouteDefinition uptime-service applying filter {_genkey_0=X-Gateway-Service, _genkey_1=uptime-service} to AddRequestHeader
2025-07-07 14:50:54 - RouteDefinition matched: uptime-service
2025-07-07 14:50:54 - RouteDefinition alerting-service applying {_genkey_0=/alerts/**} to Path
2025-07-07 14:50:54 - RouteDefinition alerting-service applying filter {_genkey_0=X-Gateway-Timestamp, _genkey_1="#{T(java.time.Instant).now()}"} to AddRequestHeader
2025-07-07 14:50:54 - RouteDefinition alerting-service applying filter {_genkey_0=X-Gateway-ID, _genkey_1="#{T(java.util.UUID).randomUUID()}"} to AddRequestHeader
2025-07-07 14:50:54 - RouteDefinition alerting-service applying filter {_genkey_0=0} to StripPrefix
2025-07-07 14:50:54 - RouteDefinition alerting-service applying filter {_genkey_0=X-Gateway-Service, _genkey_1=alerting-service} to AddRequestHeader
2025-07-07 14:50:54 - RouteDefinition matched: alerting-service
2025-07-07 14:50:54 - New routes count: 4
2025-07-07 14:50:54 - Started ApiGatewayApplicationTests in 6.824 seconds (process running for 8.216)
]]></system-out>
  </testcase>
</testsuite>