<?xml version="1.0" encoding="UTF-8"?>
<testsuite xmlns:xsi="http://www.w3.org/2001/XMLSchema-instance" xsi:noNamespaceSchemaLocation="https://maven.apache.org/surefire/maven-surefire-plugin/xsd/surefire-test-report-3.0.xsd" version="3.0" name="com.pulsewatch.dashboard.service.DatabaseServiceTest" time="4.221" tests="4" errors="0" skipped="0" failures="0">
  <properties>
[...]
</properties>
  <testcase name="testSaveAndRetrieveMetric" classname="com.pulsewatch.dashboard.service.DatabaseServiceTest" time="0.366">
    <system-out><![CDATA[2025-07-07 09:04:20 - Could not detect default configuration classes for test class [com.pulsewatch.dashboard.service.DatabaseServiceTest]: DatabaseServiceTest does not declare any static, non-private, non-final, nested classes annotated with @Configuration.
2025-07-07 09:04:20 - Found @SpringBootConfiguration com.pulsewatch.dashboard.DashboardServiceApplication for test class com.pulsewatch.dashboard.service.DatabaseServiceTest
2025-07-07 09:04:20 - Restart disabled due to context in which it is running

  .   ____          _            __ _ _
 /\\ / ___'_ __ _ _(_)_ __  __ _ \ \ \ \
( ( )\___ | '_ | '_| | '_ \/ _` | \ \ \ \
 \\/  ___)| |_)| | | | | || (_| |  ) ) ) )
  '  |____| .__|_| |_|_| |_\__, | / / / /
 =========|_|==============|___/=/_/_/_/
 :: Spring Boot ::                (v3.2.0)

2025-07-07 09:04:20 - Starting DatabaseServiceTest using Java 17 with PID 22096 (started by Admin in D:\Revino Solutions Pvt Ltd\Pulsewatch_2.0\backend\dashboard-service)
2025-07-07 09:04:20 - Running with Spring Boot v3.2.0, Spring v6.1.1
2025-07-07 09:04:20 - The following 1 profile is active: "test"
2025-07-07 09:04:21 - Identified candidate component class: file [D:\Revino Solutions Pvt Ltd\Pulsewatch_2.0\backend\dashboard-service\target\classes\com\pulsewatch\dashboard\client\AlertClient.class]
2025-07-07 09:04:21 - Identified candidate component class: file [D:\Revino Solutions Pvt Ltd\Pulsewatch_2.0\backend\dashboard-service\target\classes\com\pulsewatch\dashboard\client\ConfigClient.class]
2025-07-07 09:04:21 - Identified candidate component class: file [D:\Revino Solutions Pvt Ltd\Pulsewatch_2.0\backend\dashboard-service\target\classes\com\pulsewatch\dashboard\client\PredictionClient.class]
2025-07-07 09:04:21 - Bootstrapping Spring Data JPA repositories in DEFAULT mode.
2025-07-07 09:04:21 - Finished Spring Data repository scanning in 18 ms. Found 1 JPA repository interface.
2025-07-07 09:04:21 - BeanFactory id=5f5988dc-b04e-340b-9bca-7c83eb7864ab
2025-07-07 09:04:21 - HHH000204: Processing PersistenceUnitInfo [name: default]
2025-07-07 09:04:21 - HHH000026: Second-level cache disabled
2025-07-07 09:04:21 - No LoadTimeWeaver setup: ignoring JPA class transformer
2025-07-07 09:04:21 - HikariPool-2 - Starting...
2025-07-07 09:04:22 - HikariPool-2 - Added connection conn0: url=jdbc:h2:mem:testdb user=SA
2025-07-07 09:04:22 - HikariPool-2 - Start completed.
2025-07-07 09:04:22 - HHH90000025: H2Dialect does not need to be specified explicitly using 'hibernate.dialect' (remove the property setting and it will be selected by default)
2025-07-07 09:04:22 - HHH000489: No JTA platform available (set 'hibernate.transaction.jta.platform' to enable JTA platform integration)
Hibernate: 
    drop table if exists dashboard_metrics cascade 
Hibernate: 
    create table dashboard_metrics (
        created_at timestamp(6),
        id bigint generated by default as identity,
        updated_at timestamp(6),
        user_id bigint,
        metric_type varchar(255),
        metric_value varchar(255),
        primary key (id)
    )
2025-07-07 09:04:22 - Initialized JPA EntityManagerFactory for persistence unit 'default'
2025-07-07 09:04:22 - Creating a FeignClientFactoryBean.
2025-07-07 09:04:22 - spring.jpa.open-in-view is enabled by default. Therefore, database queries may be performed during view rendering. Explicitly configure spring.jpa.open-in-view to disable this warning
2025-07-07 09:04:23 - Creating a FeignClientFactoryBean.
2025-07-07 09:04:23 - Creating a FeignClientFactoryBean.
2025-07-07 09:04:23 - H2 console available at '/h2-console'. Database available at 'jdbc:h2:mem:testdb'
2025-07-07 09:04:24 - Exposing 3 endpoint(s) beneath base path '/actuator'
2025-07-07 09:04:24 - Started DatabaseServiceTest in 3.652 seconds (process running for 19.886)
2025-07-07 09:04:24 - Saving metric for user: 1, type: ALERT_COUNT
Hibernate: 
    insert 
    into
        dashboard_metrics
        (created_at, metric_type, metric_value, updated_at, user_id, id) 
    values
        (?, ?, ?, ?, ?, default)
2025-07-07 09:04:24 - Fetching metrics for user: 1
Hibernate: 
    select
        dm1_0.id,
        dm1_0.created_at,
        dm1_0.metric_type,
        dm1_0.metric_value,
        dm1_0.updated_at,
        dm1_0.user_id 
    from
        dashboard_metrics dm1_0 
    where
        dm1_0.user_id=?
]]></system-out>
  </testcase>
  <testcase name="testGetMetricsByType" classname="com.pulsewatch.dashboard.service.DatabaseServiceTest" time="0.03">
    <system-out><![CDATA[2025-07-07 09:04:24 - Saving metric for user: 1, type: ALERT_COUNT
Hibernate: 
    insert 
    into
        dashboard_metrics
        (created_at, metric_type, metric_value, updated_at, user_id, id) 
    values
        (?, ?, ?, ?, ?, default)
2025-07-07 09:04:24 - Saving metric for user: 1, type: PREDICTION_COUNT
Hibernate: 
    insert 
    into
        dashboard_metrics
        (created_at, metric_type, metric_value, updated_at, user_id, id) 
    values
        (?, ?, ?, ?, ?, default)
2025-07-07 09:04:24 - Fetching metrics for user: 1 and type: ALERT_COUNT
Hibernate: 
    select
        dm1_0.id,
        dm1_0.created_at,
        dm1_0.metric_type,
        dm1_0.metric_value,
        dm1_0.updated_at,
        dm1_0.user_id 
    from
        dashboard_metrics dm1_0 
    where
        dm1_0.user_id=? 
        and dm1_0.metric_type=?
]]></system-out>
  </testcase>
  <testcase name="testGetMetricCount" classname="com.pulsewatch.dashboard.service.DatabaseServiceTest" time="0.067">
    <system-out><![CDATA[2025-07-07 09:04:24 - Saving metric for user: 1, type: ALERT_COUNT
Hibernate: 
    insert 
    into
        dashboard_metrics
        (created_at, metric_type, metric_value, updated_at, user_id, id) 
    values
        (?, ?, ?, ?, ?, default)
2025-07-07 09:04:24 - Saving metric for user: 1, type: ALERT_COUNT
Hibernate: 
    insert 
    into
        dashboard_metrics
        (created_at, metric_type, metric_value, updated_at, user_id, id) 
    values
        (?, ?, ?, ?, ?, default)
2025-07-07 09:04:24 - Counting metrics for user: 1 and type: ALERT_COUNT
Hibernate: 
    select
        count(dm1_0.id) 
    from
        dashboard_metrics dm1_0 
    where
        dm1_0.user_id=? 
        and dm1_0.metric_type=?
]]></system-out>
  </testcase>
  <testcase name="testCustomQuery" classname="com.pulsewatch.dashboard.service.DatabaseServiceTest" time="0.04">
    <system-out><![CDATA[2025-07-07 09:04:24 - Saving metric for user: 1, type: TEST_METRIC
Hibernate: 
    insert 
    into
        dashboard_metrics
        (created_at, metric_type, metric_value, updated_at, user_id, id) 
    values
        (?, ?, ?, ?, ?, default)
2025-07-07 09:04:24 - Executing custom query: SELECT * FROM dashboard_metrics WHERE user_id = 1
]]></system-out>
  </testcase>
</testsuite>