<?xml version="1.0" encoding="UTF-8"?>
<testsuite xmlns:xsi="http://www.w3.org/2001/XMLSchema-instance" xsi:noNamespaceSchemaLocation="https://maven.apache.org/surefire/maven-surefire-plugin/xsd/surefire-test-report-3.0.xsd" version="3.0" name="com.pulsewatch.dashboard.service.DatabaseServiceTest" time="2.687" tests="4" errors="0" skipped="0" failures="0">
  <properties>
[...]
</properties>
  <testcase name="testSaveAndRetrieveMetric" classname="com.pulsewatch.dashboard.service.DatabaseServiceTest" time="0.235">
    <system-out><![CDATA[2025-07-07 14:53:24 - DiscoveryClient_DASHBOARD-SERVICE/DESKTOP-OCJUI3G:dashboard-service:8086 - registration status: 204
2025-07-07 14:53:24 - Could not detect default configuration classes for test class [com.pulsewatch.dashboard.service.DatabaseServiceTest]: DatabaseServiceTest does not declare any static, non-private, non-final, nested classes annotated with @Configuration.
2025-07-07 14:53:24 - Found @SpringBootConfiguration com.pulsewatch.dashboard.DashboardServiceApplication for test class com.pulsewatch.dashboard.service.DatabaseServiceTest
2025-07-07 14:53:24 - Restart disabled due to context in which it is running

  .   ____          _            __ _ _
 /\\ / ___'_ __ _ _(_)_ __  __ _ \ \ \ \
( ( )\___ | '_ | '_| | '_ \/ _` | \ \ \ \
 \\/  ___)| |_)| | | | | || (_| |  ) ) ) )
  '  |____| .__|_| |_|_| |_\__, | / / / /
 =========|_|==============|___/=/_/_/_/
 :: Spring Boot ::                (v3.1.8)

2025-07-07 14:53:24 - Starting DatabaseServiceTest using Java 17 with PID 4676 (started by Admin in D:\Revino Solutions Pvt Ltd\Pulsewatch_2.0\backend\dashboard-service)
2025-07-07 14:53:24 - Running with Spring Boot v3.1.8, Spring v6.0.16
2025-07-07 14:53:24 - The following 1 profile is active: "test"
2025-07-07 14:53:25 - Identified candidate component class: file [D:\Revino Solutions Pvt Ltd\Pulsewatch_2.0\backend\dashboard-service\target\classes\com\pulsewatch\dashboard\client\AlertClient.class]
2025-07-07 14:53:25 - Identified candidate component class: file [D:\Revino Solutions Pvt Ltd\Pulsewatch_2.0\backend\dashboard-service\target\classes\com\pulsewatch\dashboard\client\ConfigClient.class]
2025-07-07 14:53:25 - Identified candidate component class: file [D:\Revino Solutions Pvt Ltd\Pulsewatch_2.0\backend\dashboard-service\target\classes\com\pulsewatch\dashboard\client\PredictionClient.class]
2025-07-07 14:53:25 - Bootstrapping Spring Data JPA repositories in DEFAULT mode.
2025-07-07 14:53:25 - Finished Spring Data repository scanning in 17 ms. Found 1 JPA repository interface.
2025-07-07 14:53:25 - BeanFactory id=b5ed50bf-79f7-37a7-a9fd-0ed8e3902a62
2025-07-07 14:53:25 - Creating a FeignClientFactoryBean.
2025-07-07 14:53:25 - Bean 'com.pulsewatch.dashboard.client.AlertClient' of type [org.springframework.cloud.openfeign.FeignClientFactoryBean] is not eligible for getting processed by all BeanPostProcessors (for example: not eligible for auto-proxying)
2025-07-07 14:53:25 - Creating a FeignClientFactoryBean.
2025-07-07 14:53:25 - Bean 'com.pulsewatch.dashboard.client.ConfigClient' of type [org.springframework.cloud.openfeign.FeignClientFactoryBean] is not eligible for getting processed by all BeanPostProcessors (for example: not eligible for auto-proxying)
2025-07-07 14:53:25 - Creating a FeignClientFactoryBean.
2025-07-07 14:53:25 - Bean 'com.pulsewatch.dashboard.client.PredictionClient' of type [org.springframework.cloud.openfeign.FeignClientFactoryBean] is not eligible for getting processed by all BeanPostProcessors (for example: not eligible for auto-proxying)
2025-07-07 14:53:25 - HHH000204: Processing PersistenceUnitInfo [name: default]
2025-07-07 14:53:25 - No LoadTimeWeaver setup: ignoring JPA class transformer
2025-07-07 14:53:25 - HikariPool-2 - Starting...
2025-07-07 14:53:25 - HikariPool-2 - Added connection conn0: url=jdbc:h2:mem:testdb user=SA
2025-07-07 14:53:25 - HikariPool-2 - Start completed.
2025-07-07 14:53:25 - HHH90000025: H2Dialect does not need to be specified explicitly using 'hibernate.dialect' (remove the property setting and it will be selected by default)
2025-07-07 14:53:25 - HHH000489: No JTA platform available (set 'hibernate.transaction.jta.platform' to enable JTA platform integration)
Hibernate: 
    drop table if exists dashboard_metrics cascade 
Hibernate: 
    create table dashboard_metrics (
        created_at timestamp(6),
        id bigint generated by default as identity,
        updated_at timestamp(6),
        user_id bigint,
        metric_type varchar(255),
        metric_value varchar(255),
        primary key (id)
    )
2025-07-07 14:53:25 - Initialized JPA EntityManagerFactory for persistence unit 'default'
2025-07-07 14:53:25 - spring.jpa.open-in-view is enabled by default. Therefore, database queries may be performed during view rendering. Explicitly configure spring.jpa.open-in-view to disable this warning
2025-07-07 14:53:26 - H2 console available at '/h2-console'. Database available at 'jdbc:h2:mem:testdb'
2025-07-07 14:53:26 - Eureka HTTP Client uses RestTemplate.
2025-07-07 14:53:26 - Spring Cloud LoadBalancer is currently working with the default cache. While this cache implementation is useful for development and tests, it's recommended to use Caffeine cache in production.You can switch to using Caffeine cache, by adding it and org.springframework.cache.caffeine.CaffeineCacheManager to the classpath.
2025-07-07 14:53:26 - Exposing 3 endpoint(s) beneath base path '/actuator'
2025-07-07 14:53:26 - Setting initial instance status as: STARTING
2025-07-07 14:53:26 - Initializing Eureka in region us-east-1
2025-07-07 14:53:26 - Resolving eureka endpoints via configuration
2025-07-07 14:53:26 - Disable delta property : false
2025-07-07 14:53:26 - Single vip registry refresh property : null
2025-07-07 14:53:26 - Force full registry fetch : false
2025-07-07 14:53:26 - Application is null : false
2025-07-07 14:53:26 - Registered Applications size is zero : true
2025-07-07 14:53:26 - Application version is -1: true
2025-07-07 14:53:26 - Getting all instance registry info from the eureka server
2025-07-07 14:53:26 - The response status is 200
2025-07-07 14:53:26 - Starting heartbeat executor: renew interval is: 30
2025-07-07 14:53:26 - InstanceInfoReplicator onDemand update allowed rate per min is 4
2025-07-07 14:53:26 - Discovery Client initialized at timestamp 1751880206809 with initial instances count: 2
2025-07-07 14:53:26 - Registering application DASHBOARD-SERVICE with eureka with status UP
2025-07-07 14:53:26 - Saw local status change event StatusChangeEvent [timestamp=1751880206811, current=UP, previous=STARTING]
2025-07-07 14:53:26 - DiscoveryClient_DASHBOARD-SERVICE/DESKTOP-OCJUI3G:dashboard-service:8086: registering service...
2025-07-07 14:53:26 - DiscoveryClient_DASHBOARD-SERVICE/DESKTOP-OCJUI3G:dashboard-service:8086 - registration status: 204
2025-07-07 14:53:26 - Started DatabaseServiceTest in 2.263 seconds (process running for 17.615)
2025-07-07 14:53:26 - Saving metric for user: 1, type: ALERT_COUNT
Hibernate: 
    insert 
    into
        dashboard_metrics
        (created_at,metric_type,metric_value,updated_at,user_id,id) 
    values
        (?,?,?,?,?,default)
2025-07-07 14:53:26 - Fetching metrics for user: 1
Hibernate: 
    select
        d1_0.id,
        d1_0.created_at,
        d1_0.metric_type,
        d1_0.metric_value,
        d1_0.updated_at,
        d1_0.user_id 
    from
        dashboard_metrics d1_0 
    where
        d1_0.user_id=?
]]></system-out>
  </testcase>
  <testcase name="testGetMetricsByType" classname="com.pulsewatch.dashboard.service.DatabaseServiceTest" time="0.031">
    <system-out><![CDATA[2025-07-07 14:53:27 - Saving metric for user: 1, type: ALERT_COUNT
Hibernate: 
    insert 
    into
        dashboard_metrics
        (created_at,metric_type,metric_value,updated_at,user_id,id) 
    values
        (?,?,?,?,?,default)
2025-07-07 14:53:27 - Saving metric for user: 1, type: PREDICTION_COUNT
Hibernate: 
    insert 
    into
        dashboard_metrics
        (created_at,metric_type,metric_value,updated_at,user_id,id) 
    values
        (?,?,?,?,?,default)
2025-07-07 14:53:27 - Fetching metrics for user: 1 and type: ALERT_COUNT
Hibernate: 
    select
        d1_0.id,
        d1_0.created_at,
        d1_0.metric_type,
        d1_0.metric_value,
        d1_0.updated_at,
        d1_0.user_id 
    from
        dashboard_metrics d1_0 
    where
        d1_0.user_id=? 
        and d1_0.metric_type=?
]]></system-out>
  </testcase>
  <testcase name="testGetMetricCount" classname="com.pulsewatch.dashboard.service.DatabaseServiceTest" time="0.061">
    <system-out><![CDATA[2025-07-07 14:53:27 - Saving metric for user: 1, type: ALERT_COUNT
Hibernate: 
    insert 
    into
        dashboard_metrics
        (created_at,metric_type,metric_value,updated_at,user_id,id) 
    values
        (?,?,?,?,?,default)
2025-07-07 14:53:27 - Saving metric for user: 1, type: ALERT_COUNT
Hibernate: 
    insert 
    into
        dashboard_metrics
        (created_at,metric_type,metric_value,updated_at,user_id,id) 
    values
        (?,?,?,?,?,default)
2025-07-07 14:53:27 - Counting metrics for user: 1 and type: ALERT_COUNT
Hibernate: 
    select
        count(d1_0.id) 
    from
        dashboard_metrics d1_0 
    where
        d1_0.user_id=? 
        and d1_0.metric_type=?
]]></system-out>
  </testcase>
  <testcase name="testCustomQuery" classname="com.pulsewatch.dashboard.service.DatabaseServiceTest" time="0.03">
    <system-out><![CDATA[2025-07-07 14:53:27 - Saving metric for user: 1, type: TEST_METRIC
Hibernate: 
    insert 
    into
        dashboard_metrics
        (created_at,metric_type,metric_value,updated_at,user_id,id) 
    values
        (?,?,?,?,?,default)
2025-07-07 14:53:27 - Executing custom query: SELECT * FROM dashboard_metrics WHERE user_id = 1
]]></system-out>
  </testcase>
</testsuite>