<?xml version="1.0" encoding="UTF-8"?>
<testsuite xmlns:xsi="http://www.w3.org/2001/XMLSchema-instance" xsi:noNamespaceSchemaLocation="https://maven.apache.org/surefire/maven-surefire-plugin/xsd/surefire-test-report-3.0.xsd" version="3.0" name="com.pulsewatch.dashboard.controller.DashboardControllerTest" time="6.125" tests="2" errors="0" skipped="0" failures="0">
  <properties>
[...]
</properties>
  <testcase name="testGetHealth" classname="com.pulsewatch.dashboard.controller.DashboardControllerTest" time="0.393">
    <system-out><![CDATA[14:53:10.614 [main] INFO org.springframework.test.context.support.AnnotationConfigContextLoaderUtils -- Could not detect default configuration classes for test class [com.pulsewatch.dashboard.controller.DashboardControllerTest]: DashboardControllerTest does not declare any static, non-private, non-final, nested classes annotated with @Configuration.
14:53:10.825 [main] INFO org.springframework.boot.test.context.SpringBootTestContextBootstrapper -- Found @SpringBootConfiguration com.pulsewatch.dashboard.DashboardServiceApplication for test class com.pulsewatch.dashboard.controller.DashboardControllerTest
14:53:10.989 [main] INFO org.springframework.boot.devtools.restart.RestartApplicationListener -- Restart disabled due to context in which it is running

  .   ____          _            __ _ _
 /\\ / ___'_ __ _ _(_)_ __  __ _ \ \ \ \
( ( )\___ | '_ | '_| | '_ \/ _` | \ \ \ \
 \\/  ___)| |_)| | | | | || (_| |  ) ) ) )
  '  |____| .__|_| |_|_| |_\__, | / / / /
 =========|_|==============|___/=/_/_/_/
 :: Spring Boot ::                (v3.1.8)

2025-07-07 14:53:11 - Starting DashboardControllerTest using Java 17 with PID 4676 (started by Admin in D:\Revino Solutions Pvt Ltd\Pulsewatch_2.0\backend\dashboard-service)
2025-07-07 14:53:11 - Running with Spring Boot v3.1.8, Spring v6.0.16
2025-07-07 14:53:11 - No active profile set, falling back to 1 default profile: "default"
2025-07-07 14:53:12 - Identified candidate component class: file [D:\Revino Solutions Pvt Ltd\Pulsewatch_2.0\backend\dashboard-service\target\classes\com\pulsewatch\dashboard\client\AlertClient.class]
2025-07-07 14:53:12 - Identified candidate component class: file [D:\Revino Solutions Pvt Ltd\Pulsewatch_2.0\backend\dashboard-service\target\classes\com\pulsewatch\dashboard\client\ConfigClient.class]
2025-07-07 14:53:12 - Identified candidate component class: file [D:\Revino Solutions Pvt Ltd\Pulsewatch_2.0\backend\dashboard-service\target\classes\com\pulsewatch\dashboard\client\PredictionClient.class]
2025-07-07 14:53:14 - Creating a FeignClientFactoryBean.
2025-07-07 14:53:14 - Bean 'com.pulsewatch.dashboard.client.AlertClient' of type [org.springframework.cloud.openfeign.FeignClientFactoryBean] is not eligible for getting processed by all BeanPostProcessors (for example: not eligible for auto-proxying)
2025-07-07 14:53:14 - Creating a FeignClientFactoryBean.
2025-07-07 14:53:14 - Bean 'com.pulsewatch.dashboard.client.ConfigClient' of type [org.springframework.cloud.openfeign.FeignClientFactoryBean] is not eligible for getting processed by all BeanPostProcessors (for example: not eligible for auto-proxying)
2025-07-07 14:53:14 - Creating a FeignClientFactoryBean.
2025-07-07 14:53:14 - Bean 'com.pulsewatch.dashboard.client.PredictionClient' of type [org.springframework.cloud.openfeign.FeignClientFactoryBean] is not eligible for getting processed by all BeanPostProcessors (for example: not eligible for auto-proxying)
2025-07-07 14:53:15 - Initializing Spring TestDispatcherServlet ''
2025-07-07 14:53:15 - Initializing Servlet ''
2025-07-07 14:53:15 - Completed initialization in 2 ms
2025-07-07 14:53:15 - Started DashboardControllerTest in 4.907 seconds (process running for 6.663)
]]></system-out>
  </testcase>
  <testcase name="testGetDashboardSummary" classname="com.pulsewatch.dashboard.controller.DashboardControllerTest" time="0.077">
    <system-out><![CDATA[2025-07-07 14:53:16 - Fetching dashboard summary for user: 1
]]></system-out>
  </testcase>
</testsuite>