<?xml version="1.0" encoding="UTF-8"?>
<testsuite xmlns:xsi="http://www.w3.org/2001/XMLSchema-instance" xsi:noNamespaceSchemaLocation="https://maven.apache.org/surefire/maven-surefire-plugin/xsd/surefire-test-report-3.0.xsd" version="3.0" name="com.pulsewatch.monitoring.logging.LoggingTest" time="13.874" tests="2" errors="0" skipped="0" failures="0">
  <properties>
[...]
</properties>
  <testcase name="testLoggingIsWorking" classname="com.pulsewatch.monitoring.logging.LoggingTest" time="0.679">
    <system-out><![CDATA[14:13:58.593 [main] INFO org.springframework.test.context.support.AnnotationConfigContextLoaderUtils -- Could not detect default configuration classes for test class [com.pulsewatch.monitoring.logging.LoggingTest]: LoggingTest does not declare any static, non-private, non-final, nested classes annotated with @Configuration.
14:13:58.814 [main] INFO org.springframework.boot.test.context.SpringBootTestContextBootstrapper -- Found @SpringBootConfiguration com.pulsewatch.monitoring.SystemMonitoringServiceApplication for test class com.pulsewatch.monitoring.logging.LoggingTest
14:13:58,249 |-INFO in ch.qos.logback.classic.LoggerContext[default] - This is logback-classic version 1.4.14
14:13:58,260 |-INFO in ch.qos.logback.classic.util.ContextInitializer@72209d93 - Here is a list of configurators discovered as a service, by rank: 
14:13:58,260 |-INFO in ch.qos.logback.classic.util.ContextInitializer@72209d93 -   org.springframework.boot.logging.logback.RootLogLevelConfigurator
14:13:58,260 |-INFO in ch.qos.logback.classic.util.ContextInitializer@72209d93 - They will be invoked in order until ExecutionStatus.DO_NOT_INVOKE_NEXT_IF_ANY is returned.
14:13:58,260 |-INFO in ch.qos.logback.classic.util.ContextInitializer@72209d93 - Constructed configurator of type class org.springframework.boot.logging.logback.RootLogLevelConfigurator
14:13:58,281 |-INFO in ch.qos.logback.classic.util.ContextInitializer@72209d93 - org.springframework.boot.logging.logback.RootLogLevelConfigurator.configure() call lasted 0 milliseconds. ExecutionStatus=INVOKE_NEXT_IF_ANY
14:13:58,281 |-INFO in ch.qos.logback.classic.util.ContextInitializer@72209d93 - Trying to configure with ch.qos.logback.classic.joran.SerializedModelConfigurator
14:13:58,284 |-INFO in ch.qos.logback.classic.util.ContextInitializer@72209d93 - Constructed configurator of type class ch.qos.logback.classic.joran.SerializedModelConfigurator
14:13:58,294 |-INFO in ch.qos.logback.classic.LoggerContext[default] - Could NOT find resource [logback-test.scmo]
14:13:58,295 |-INFO in ch.qos.logback.classic.LoggerContext[default] - Could NOT find resource [logback.scmo]
14:13:58,295 |-INFO in ch.qos.logback.classic.util.ContextInitializer@72209d93 - ch.qos.logback.classic.joran.SerializedModelConfigurator.configure() call lasted 11 milliseconds. ExecutionStatus=INVOKE_NEXT_IF_ANY
14:13:58,295 |-INFO in ch.qos.logback.classic.util.ContextInitializer@72209d93 - Trying to configure with ch.qos.logback.classic.util.DefaultJoranConfigurator
14:13:58,297 |-INFO in ch.qos.logback.classic.util.ContextInitializer@72209d93 - Constructed configurator of type class ch.qos.logback.classic.util.DefaultJoranConfigurator
14:13:58,298 |-INFO in ch.qos.logback.classic.LoggerContext[default] - Could NOT find resource [logback-test.xml]
14:13:58,299 |-INFO in ch.qos.logback.classic.LoggerContext[default] - Could NOT find resource [logback.xml]
14:13:58,299 |-INFO in ch.qos.logback.classic.util.ContextInitializer@72209d93 - ch.qos.logback.classic.util.DefaultJoranConfigurator.configure() call lasted 2 milliseconds. ExecutionStatus=INVOKE_NEXT_IF_ANY
14:13:58,299 |-INFO in ch.qos.logback.classic.util.ContextInitializer@72209d93 - Trying to configure with ch.qos.logback.classic.BasicConfigurator
14:13:58,307 |-INFO in ch.qos.logback.classic.util.ContextInitializer@72209d93 - Constructed configurator of type class ch.qos.logback.classic.BasicConfigurator
14:13:58,307 |-INFO in ch.qos.logback.classic.BasicConfigurator@2687f956 - Setting up default configuration.
14:13:58,328 |-INFO in ch.qos.logback.classic.util.ContextInitializer@72209d93 - ch.qos.logback.classic.BasicConfigurator.configure() call lasted 21 milliseconds. ExecutionStatus=NEUTRAL
14:13:59,712 |-INFO in ch.qos.logback.core.model.processor.AppenderModelHandler - Processing appender named [CONSOLE]
14:13:59,713 |-INFO in ch.qos.logback.core.model.processor.AppenderModelHandler - About to instantiate appender of type [ch.qos.logback.core.ConsoleAppender]
14:13:59,717 |-INFO in ch.qos.logback.core.model.processor.ImplicitModelHandler - Assuming default type [ch.qos.logback.classic.encoder.PatternLayoutEncoder] for [encoder] property
14:13:59,736 |-INFO in ch.qos.logback.core.model.processor.AppenderModelHandler - Processing appender named [FILE]
14:13:59,736 |-INFO in ch.qos.logback.core.model.processor.AppenderModelHandler - About to instantiate appender of type [ch.qos.logback.core.rolling.RollingFileAppender]
14:13:59,752 |-INFO in c.q.l.core.rolling.TimeBasedRollingPolicy@502102804 - No compression will be used
14:13:59,752 |-INFO in c.q.l.core.rolling.TimeBasedRollingPolicy@502102804 - Will use the pattern logs/system-monitoring-service.%d{yyyy-MM-dd}.%i.log for the active file
14:13:59,754 |-INFO in ch.qos.logback.core.rolling.SizeAndTimeBasedFNATP@29be7749 - The date pattern is 'yyyy-MM-dd' from file name pattern 'logs/system-monitoring-service.%d{yyyy-MM-dd}.%i.log'.
14:13:59,754 |-INFO in ch.qos.logback.core.rolling.SizeAndTimeBasedFNATP@29be7749 - Roll-over at midnight.
14:13:59,755 |-INFO in ch.qos.logback.core.rolling.SizeAndTimeBasedFNATP@29be7749 - Setting initial period to 2025-07-06T08:43:59.754Z
14:13:59,755 |-WARN in ch.qos.logback.core.rolling.SizeAndTimeBasedFNATP@29be7749 - SizeAndTimeBasedFNATP is deprecated. Use SizeAndTimeBasedRollingPolicy instead
14:13:59,755 |-WARN in ch.qos.logback.core.rolling.SizeAndTimeBasedFNATP@29be7749 - For more information see http://logback.qos.ch/manual/appenders.html#SizeAndTimeBasedRollingPolicy
14:13:59,756 |-INFO in ch.qos.logback.core.model.processor.ImplicitModelHandler - Assuming default type [ch.qos.logback.classic.encoder.PatternLayoutEncoder] for [encoder] property
14:13:59,759 |-INFO in ch.qos.logback.core.rolling.RollingFileAppender[FILE] - Active log file name: logs/system-monitoring-service.log
14:13:59,759 |-INFO in ch.qos.logback.core.rolling.RollingFileAppender[FILE] - File property is set to [logs/system-monitoring-service.log]
14:13:59,762 |-INFO in ch.qos.logback.classic.model.processor.LoggerModelHandler - Setting level of logger [com.pulsewatch.monitoring] to DEBUG
14:13:59,762 |-INFO in ch.qos.logback.classic.jul.LevelChangePropagator@5f84abe8 - Propagating DEBUG level on Logger[com.pulsewatch.monitoring] onto the JUL framework
14:13:59,770 |-INFO in ch.qos.logback.classic.model.processor.LoggerModelHandler - Setting additivity of logger [com.pulsewatch.monitoring] to false
14:13:59,770 |-INFO in ch.qos.logback.core.model.processor.AppenderRefModelHandler - Attaching appender named [CONSOLE] to Logger[com.pulsewatch.monitoring]
14:13:59,770 |-INFO in ch.qos.logback.core.model.processor.AppenderRefModelHandler - Attaching appender named [FILE] to Logger[com.pulsewatch.monitoring]
14:13:59,770 |-INFO in ch.qos.logback.classic.model.processor.LoggerModelHandler - Setting level of logger [org.springframework] to INFO
14:13:59,771 |-INFO in ch.qos.logback.classic.jul.LevelChangePropagator@5f84abe8 - Propagating INFO level on Logger[org.springframework] onto the JUL framework
14:13:59,771 |-INFO in ch.qos.logback.classic.model.processor.LoggerModelHandler - Setting additivity of logger [org.springframework] to false
14:13:59,771 |-INFO in ch.qos.logback.core.model.processor.AppenderRefModelHandler - Attaching appender named [CONSOLE] to Logger[org.springframework]
14:13:59,771 |-INFO in ch.qos.logback.core.model.processor.AppenderRefModelHandler - Attaching appender named [FILE] to Logger[org.springframework]
14:13:59,771 |-INFO in ch.qos.logback.classic.model.processor.LoggerModelHandler - Setting level of logger [org.hibernate.SQL] to DEBUG
14:13:59,771 |-INFO in ch.qos.logback.classic.jul.LevelChangePropagator@5f84abe8 - Propagating DEBUG level on Logger[org.hibernate.SQL] onto the JUL framework
14:13:59,771 |-INFO in ch.qos.logback.classic.model.processor.LoggerModelHandler - Setting additivity of logger [org.hibernate.SQL] to false
14:13:59,771 |-INFO in ch.qos.logback.core.model.processor.AppenderRefModelHandler - Attaching appender named [CONSOLE] to Logger[org.hibernate.SQL]
14:13:59,771 |-INFO in ch.qos.logback.core.model.processor.AppenderRefModelHandler - Attaching appender named [FILE] to Logger[org.hibernate.SQL]
14:13:59,771 |-INFO in ch.qos.logback.classic.model.processor.RootLoggerModelHandler - Setting level of ROOT logger to INFO
14:13:59,771 |-INFO in ch.qos.logback.classic.jul.LevelChangePropagator@5f84abe8 - Propagating INFO level on Logger[ROOT] onto the JUL framework
14:13:59,771 |-INFO in ch.qos.logback.core.model.processor.AppenderRefModelHandler - Attaching appender named [CONSOLE] to Logger[ROOT]
14:13:59,771 |-INFO in ch.qos.logback.core.model.processor.AppenderRefModelHandler - Attaching appender named [FILE] to Logger[ROOT]
14:13:59,771 |-INFO in ch.qos.logback.core.model.processor.DefaultProcessor@4650a407 - End of configuration.
14:13:59,771 |-INFO in org.springframework.boot.logging.logback.SpringBootJoranConfigurator@30135202 - Registering current configuration as safe fallback point


  .   ____          _            __ _ _
 /\\ / ___'_ __ _ _(_)_ __  __ _ \ \ \ \
( ( )\___ | '_ | '_| | '_ \/ _` | \ \ \ \
 \\/  ___)| |_)| | | | | || (_| |  ) ) ) )
  '  |____| .__|_| |_|_| |_\__, | / / / /
 =========|_|==============|___/=/_/_/_/
 :: Spring Boot ::                (v3.2.4)

2025-07-06 14:13:59.842 [background-preinit] INFO  o.h.validator.internal.util.Version - HV000001: Hibernate Validator 8.0.1.Final
2025-07-06 14:13:59.904 [main] INFO  c.p.monitoring.logging.LoggingTest - Starting LoggingTest using Java 17 with PID 13796 (started by Admin in D:\Revino Solutions Pvt Ltd\Pulsewatch_2.0\backend\system-monitoring-service)
2025-07-06 14:13:59.905 [main] DEBUG c.p.monitoring.logging.LoggingTest - Running with Spring Boot v3.2.4, Spring v6.1.5
2025-07-06 14:13:59.907 [main] INFO  c.p.monitoring.logging.LoggingTest - No active profile set, falling back to 1 default profile: "default"
2025-07-06 14:14:02.034 [main] INFO  o.s.d.r.c.RepositoryConfigurationDelegate - Bootstrapping Spring Data JPA repositories in DEFAULT mode.
2025-07-06 14:14:02.156 [main] INFO  o.s.d.r.c.RepositoryConfigurationDelegate - Finished Spring Data repository scanning in 104 ms. Found 1 JPA repository interface.
2025-07-06 14:14:03.669 [main] INFO  o.h.jpa.internal.util.LogHelper - HHH000204: Processing PersistenceUnitInfo [name: default]
2025-07-06 14:14:03.999 [main] INFO  org.hibernate.Version - HHH000412: Hibernate ORM core version 6.4.4.Final
2025-07-06 14:14:04.187 [main] INFO  o.h.c.i.RegionFactoryInitiator - HHH000026: Second-level cache disabled
2025-07-06 14:14:04.898 [main] INFO  o.s.o.j.p.SpringPersistenceUnitInfo - No LoadTimeWeaver setup: ignoring JPA class transformer
2025-07-06 14:14:04.993 [main] INFO  com.zaxxer.hikari.HikariDataSource - HikariPool-1 - Starting...
2025-07-06 14:14:05.508 [main] INFO  com.zaxxer.hikari.pool.HikariPool - HikariPool-1 - Added connection org.postgresql.jdbc.PgConnection@57a982f9
2025-07-06 14:14:05.512 [main] INFO  com.zaxxer.hikari.HikariDataSource - HikariPool-1 - Start completed.
2025-07-06 14:14:05.619 [main] WARN  org.hibernate.orm.deprecation - HHH90000025: PostgreSQLDialect does not need to be specified explicitly using 'hibernate.dialect' (remove the property setting and it will be selected by default)
2025-07-06 14:14:07.343 [main] INFO  o.h.e.t.j.p.i.JtaPlatformInitiator - HHH000489: No JTA platform available (set 'hibernate.transaction.jta.platform' to enable JTA platform integration)
2025-07-06 14:14:07.501 [main] DEBUG org.hibernate.SQL - 
    create table system_metrics (
        id bigserial not null,
        additional_data TEXT,
        host varchar(255) not null,
        metric_name varchar(255) not null,
        metric_type varchar(255) not null check (metric_type in ('CPU','MEMORY','DISK','NETWORK')),
        metric_value float(53) not null,
        timestamp timestamp(6) not null,
        unit varchar(255),
        primary key (id)
    )
Hibernate: 
    create table system_metrics (
        id bigserial not null,
        additional_data TEXT,
        host varchar(255) not null,
        metric_name varchar(255) not null,
        metric_type varchar(255) not null check (metric_type in ('CPU','MEMORY','DISK','NETWORK')),
        metric_value float(53) not null,
        timestamp timestamp(6) not null,
        unit varchar(255),
        primary key (id)
    )
2025-07-06 14:14:07.545 [main] DEBUG org.hibernate.SQL - 
    create index idx_timestamp 
       on system_metrics (timestamp)
Hibernate: 
    create index idx_timestamp 
       on system_metrics (timestamp)
2025-07-06 14:14:07.549 [main] DEBUG org.hibernate.SQL - 
    create index idx_metric_type_timestamp 
       on system_metrics (metric_type, timestamp)
Hibernate: 
    create index idx_metric_type_timestamp 
       on system_metrics (metric_type, timestamp)
2025-07-06 14:14:07.551 [main] DEBUG org.hibernate.SQL - 
    create index idx_host_timestamp 
       on system_metrics (host, timestamp)
Hibernate: 
    create index idx_host_timestamp 
       on system_metrics (host, timestamp)
2025-07-06 14:14:07.555 [main] INFO  o.s.o.j.LocalContainerEntityManagerFactoryBean - Initialized JPA EntityManagerFactory for persistence unit 'default'
2025-07-06 14:14:08.241 [main] INFO  o.s.d.j.r.query.QueryEnhancerFactory - Hibernate is in classpath; If applicable, HQL parser will be used.
2025-07-06 14:14:09.517 [main] WARN  o.s.b.a.o.j.JpaBaseConfiguration$JpaWebConfiguration - spring.jpa.open-in-view is enabled by default. Therefore, database queries may be performed during view rendering. Explicitly configure spring.jpa.open-in-view to disable this warning
2025-07-06 14:14:11.012 [main] INFO  o.s.b.a.e.web.EndpointLinksResolver - Exposing 3 endpoint(s) beneath base path '/actuator'
2025-07-06 14:14:11.155 [main] INFO  c.p.monitoring.logging.LoggingTest - Started LoggingTest in 12.033 seconds (process running for 14.133)
2025-07-06 14:14:11.977 [main] DEBUG c.p.monitoring.logging.LoggingTest - This is a DEBUG message
2025-07-06 14:14:11.978 [main] INFO  c.p.monitoring.logging.LoggingTest - This is an INFO message
2025-07-06 14:14:11.978 [main] WARN  c.p.monitoring.logging.LoggingTest - This is a WARN message
2025-07-06 14:14:11.978 [main] ERROR c.p.monitoring.logging.LoggingTest - This is an ERROR message
Logger name: com.pulsewatch.monitoring.logging.LoggingTest
]]></system-out>
  </testcase>
  <testcase name="testLoggerFactory" classname="com.pulsewatch.monitoring.logging.LoggingTest" time="0.006">
    <system-out><![CDATA[2025-07-06 14:14:11.989 [main] INFO  c.p.m.controller.MetricsController - Controller logger test
2025-07-06 14:14:11.990 [main] INFO  c.p.m.s.impl.MetricsServiceImpl - Service logger test
]]></system-out>
  </testcase>
</testsuite>